------------------------------------------------------------------------------
                           GCC Code Coverage Report
Directory: /home/alexander/system_prog/ltask2
------------------------------------------------------------------------------
File                                       Lines    Exec  Cover   Missing
------------------------------------------------------------------------------
src/myproject/vector2d.h                      25      25   100%   
src/tests/task_test.cpp                        7       7   100%   
------------------------------------------------------------------------------
TOTAL                                         32      32   100%
------------------------------------------------------------------------------
